Time resolution is 1 ps
                  20wr_ptr='h1
                  20full_reg='h0
                  30wr_ptr='h2
                  40wr_ptr='h3
                  50wr_ptr='h4
                  60wr_ptr='h5
                  70wr_ptr='h6
                  80wr_ptr='h7
                  90wr_ptr='h8
                 100wr_ptr='h9
                 110wr_ptr='h0
                 110full_reg='h1
                 120full_reg='h0
                 130wr_ptr='h1
                 140wr_ptr='h2
                 150wr_ptr='h3
                 160wr_ptr='h4
                 170wr_ptr='h5
                 180wr_ptr='h6
                 190wr_ptr='h7
                 200wr_ptr='h8
                 210wr_ptr='h9
                 220wr_ptr='h0
                 230wr_ptr='h1
                 240wr_ptr='h2
                 250wr_ptr='h3
                 260wr_ptr='h4
                 270wr_ptr='h5
                 280wr_ptr='h6
                 290wr_ptr='h7
                 300wr_ptr='h8
                 310wr_ptr='h9
                 320wr_ptr='h0
                 330wr_ptr='h1
                 340wr_ptr='h2
                 350wr_ptr='h3
                 360wr_ptr='h4
                 370wr_ptr='h5
                 380wr_ptr='h6
                 390wr_ptr='h7
                 400wr_ptr='h8
                 410wr_ptr='h9
                 420wr_ptr='h0
                 430wr_ptr='h1
                 440wr_ptr='h2
                 450wr_ptr='h3
                 460wr_ptr='h4
                 470wr_ptr='h5
                 480wr_ptr='h6
                 490wr_ptr='h7
                 500wr_ptr='h8
                 510wr_ptr='h9
                 520wr_ptr='h0
                 530wr_ptr='h1
                 540wr_ptr='h2
                 550wr_ptr='h3
                 560wr_ptr='h4
                 570wr_ptr='h5
                 580wr_ptr='h6
                 590wr_ptr='h7
                 600wr_ptr='h8
                 610wr_ptr='h9
                 620wr_ptr='h0
                 630wr_ptr='h1
                 640wr_ptr='h2
                 650wr_ptr='h3
                 660wr_ptr='h4
                 670wr_ptr='h5
                 680wr_ptr='h6
                 690wr_ptr='h7
                 700wr_ptr='h8
                 710wr_ptr='h9
                 720wr_ptr='h0
                 730wr_ptr='h1
                 740wr_ptr='h2
                 750wr_ptr='h3
                 760wr_ptr='h4
                 770wr_ptr='h5
                 780wr_ptr='h6
                 790wr_ptr='h7
                 800wr_ptr='h8
                 810wr_ptr='h9
                 820wr_ptr='h0
                 830wr_ptr='h1
                 840wr_ptr='h2
                 850wr_ptr='h3
                 860wr_ptr='h4
                 870wr_ptr='h5
                 880wr_ptr='h6
                 890wr_ptr='h7
                 900wr_ptr='h8
                 910wr_ptr='h9
                 920wr_ptr='h0
                 930wr_ptr='h1
                 940wr_ptr='h2
                 950wr_ptr='h3
                 960wr_ptr='h4
                 970wr_ptr='h5
                 980wr_ptr='h6
                 990wr_ptr='h7
                1000wr_ptr='h8
